[2026-03-10 01:34:10,866] INFO — [Job #1] Iniciando job de clonagem...
[2026-03-10 01:34:11,987] INFO — [Job #1] Conectado como Dg anndr (Premium) | Limite de arquivo: 4GB
[2026-03-10 01:34:12,326] INFO — [Job #1] Origem: canal para clonar | Destino: canal para receber o clonner | Modo: reupload
[2026-03-10 01:34:12,384] INFO — [Job #1] Coletando mensagens da origem...
[2026-03-10 01:34:13,584] INFO — [Job #1] 1 mensagens encontradas
[2026-03-10 01:34:15,404] INFO — [Job #1] Job concluído! 1 processados, 0 erros, 0 pulados
[2026-03-10 01:46:46,298] INFO — [Job #2] Iniciando job de clonagem...
[2026-03-10 01:46:52,228] ERROR — [Job #2] Job falhou: database is locked
[2026-03-10 01:49:07,823] INFO — [Job #3] Iniciando job de clonagem...
[2026-03-10 01:49:13,881] ERROR — [Job #3] Job falhou: database is locked
[2026-03-10 01:52:07,857] INFO — [Job #4] Iniciando job de clonagem...
[2026-03-10 01:52:13,686] ERROR — [Job #4] Job falhou: database is locked
[2026-03-10 01:53:19,952] INFO — [Job #4] Iniciando job de clonagem...
[2026-03-10 01:53:21,179] INFO — [Job #4] Conectado como Dg anndr (Premium) | Limite de arquivo: 4GB
[2026-03-10 01:53:21,526] INFO — [Job #4] Origem: canal para clonar | Destino: canal para receber o clonner | Modo: reupload
[2026-03-10 01:53:21,615] INFO — [Job #4] Coletando mensagens da origem...
[2026-03-10 01:53:22,814] INFO — [Job #4] 3 mensagens encontradas
[2026-03-10 01:54:54,818] INFO — [Job #4] Job concluído! 3 processados, 0 erros, 0 pulados
[2026-03-10 01:57:44,336] INFO — [Job #5] Iniciando job de clonagem...
[2026-03-10 01:57:44,688] INFO — [Job #5] Conectado como Dg anndr (Premium) | Limite de arquivo: 4GB
[2026-03-10 01:57:45,028] INFO — [Job #5] Origem: canal para clonar | Destino: canal para receber o clonner | Modo: reupload
[2026-03-10 01:57:45,087] INFO — [Job #5] Coletando mensagens da origem...
[2026-03-10 01:57:46,279] INFO — [Job #5] 3 mensagens encontradas
[2026-03-10 01:59:25,143] INFO — [Job #5] Job concluído! 3 processados, 0 erros, 0 pulados
[2026-03-10 02:30:20,590] INFO — [Job #6] Iniciando job de clonagem...
[2026-03-10 02:30:20,976] INFO — [Job #6] Conectado como Dg anndr (Premium) | Limite de arquivo: 4GB
[2026-03-10 02:30:21,305] INFO — [Job #6] Origem: canal para clonar | Destino: canal para receber o clonner | Modo: reupload
[2026-03-10 02:30:21,365] INFO — [Job #6] Coletando mensagens da origem...
[2026-03-10 02:30:22,561] INFO — [Job #6] 3 mensagens encontradas
[2026-03-10 02:30:31,079] INFO — [Job #7] Iniciando job de clonagem...
[2026-03-10 02:30:32,213] INFO — [Job #7] Conectado como Dg anndr (Premium) | Limite de arquivo: 4GB
[2026-03-10 02:30:32,826] INFO — [Job #7] Origem: canal para clonar | Destino: canal para receber o clonner | Modo: reupload
[2026-03-10 02:30:33,193] INFO — [Job #7] Coletando mensagens da origem...
[2026-03-10 02:30:34,648] INFO — [Job #7] 3 mensagens encontradas
[2026-03-10 02:32:29,896] INFO — [Job #6] Job concluído! 3 processados, 0 erros, 0 pulados
[2026-03-10 02:32:37,850] INFO — [Job #8] Iniciando job de clonagem...
[2026-03-10 02:32:39,028] INFO — [Job #8] Conectado como Dg anndr (Premium) | Limite de arquivo: 4GB
[2026-03-10 02:32:39,440] INFO — [Job #8] Origem: canal para clonar | Destino: canal para receber o clonner | Modo: reupload
[2026-03-10 02:32:39,522] INFO — [Job #8] Coletando mensagens da origem...
[2026-03-10 02:32:40,730] INFO — [Job #7] Job concluído! 3 processados, 0 erros, 0 pulados
[2026-03-10 02:32:40,748] INFO — [Job #8] 3 mensagens encontradas
[2026-03-10 02:34:20,415] INFO — [Job #8] Job concluído! 3 processados, 0 erros, 0 pulados
[2026-03-10 11:05:28,556] INFO — [Job #14] Iniciando job de clonagem...
[2026-03-10 11:05:28,935] INFO — [Job #14] Conectado como Dg anndr (Premium) | Limite de arquivo: 4GB
[2026-03-10 11:05:29,251] ERROR — [Job #14] Job falhou: Could not find the input entity for PeerUser(user_id=2742043564) (PeerUser). Please read https://docs.telethon.dev/en/stable/concepts/entities.html to find out more details.
[2026-03-10 11:15:26,162] INFO — [Job #15] Iniciando job de clonagem...
[2026-03-10 11:15:26,560] INFO — [Job #15] Conectado como Dg anndr (Premium) | Limite de arquivo: 4GB
[2026-03-10 11:15:26,882] ERROR — [Job #15] Job falhou: Could not find the input entity for PeerUser(user_id=2742043564) (PeerUser). Please read https://docs.telethon.dev/en/stable/concepts/entities.html to find out more details.
[2026-03-10 15:22:24,330] INFO — [Job #19] Iniciando job de clonagem...
[2026-03-10 15:22:24,727] INFO — [Job #19] Conectado como Dg anndr (Premium) | Limite de arquivo: 4GB
[2026-03-10 15:22:25,064] INFO — [Job #19] Origem: 🇧🇷 VIP DUBLADAS🇧🇷 | Destino: canal para receber o clonner | Modo: reupload
[2026-03-10 15:22:25,179] INFO — [Job #19] Coletando mensagens da origem...
[2026-03-10 15:22:48,495] INFO — [Job #19] 2269 mensagens encontradas
